2018-06-07 19:34:57,775 <ipython-input-22-94140700dc1e>:22   DEBUG 0
2018-06-07 19:34:57,780 <ipython-input-22-94140700dc1e>:22   DEBUG 1
2018-06-07 19:34:57,785 <ipython-input-22-94140700dc1e>:22   DEBUG 2
2018-06-07 19:34:57,788 <ipython-input-22-94140700dc1e>:22   DEBUG 3
2018-06-07 19:34:57,791 <ipython-input-22-94140700dc1e>:22   DEBUG 4
2018-06-07 19:34:57,794 <ipython-input-22-94140700dc1e>:22   DEBUG 5
2018-06-07 19:34:57,808 <ipython-input-22-94140700dc1e>:22   DEBUG 6
2018-06-07 19:34:57,811 <ipython-input-22-94140700dc1e>:22   DEBUG 7
2018-06-07 19:34:57,815 <ipython-input-22-94140700dc1e>:22   DEBUG 8
2018-06-07 19:34:57,821 <ipython-input-22-94140700dc1e>:22   DEBUG 9
2018-06-07 19:34:57,824 <ipython-input-22-94140700dc1e>:22   DEBUG 10
2018-06-07 19:34:57,827 <ipython-input-22-94140700dc1e>:22   DEBUG 11
2018-06-07 19:34:57,854 <ipython-input-22-94140700dc1e>:22   DEBUG 12
2018-06-07 19:34:57,858 <ipython-input-22-94140700dc1e>:22   DEBUG 13
2018-06-07 19:34:57,861 <ipython-input-22-94140700dc1e>:22   DEBUG 14
2018-06-07 19:34:57,864 <ipython-input-22-94140700dc1e>:22   DEBUG 15
2018-06-07 19:34:57,868 <ipython-input-22-94140700dc1e>:22   DEBUG 16
2018-06-07 19:34:57,871 <ipython-input-22-94140700dc1e>:22   DEBUG 17
2018-06-07 19:34:57,874 <ipython-input-22-94140700dc1e>:22   DEBUG 18
2018-06-07 19:34:57,877 <ipython-input-22-94140700dc1e>:22   DEBUG 19
2018-06-07 19:34:57,880 <ipython-input-22-94140700dc1e>:22   DEBUG 20
2018-06-07 19:34:57,883 <ipython-input-22-94140700dc1e>:22   DEBUG 21
2018-06-07 19:34:57,886 <ipython-input-22-94140700dc1e>:22   DEBUG 22
2018-06-07 19:34:57,889 <ipython-input-22-94140700dc1e>:22   DEBUG 23
2018-06-07 19:34:57,892 <ipython-input-22-94140700dc1e>:22   DEBUG 24
2018-06-07 19:34:57,895 <ipython-input-22-94140700dc1e>:22   DEBUG 25
2018-06-07 19:34:57,898 <ipython-input-22-94140700dc1e>:22   DEBUG 26
2018-06-07 19:34:57,901 <ipython-input-22-94140700dc1e>:22   DEBUG 27
2018-06-07 19:34:57,905 <ipython-input-22-94140700dc1e>:22   DEBUG 28
2018-06-07 19:34:57,907 <ipython-input-22-94140700dc1e>:22   DEBUG 29
2018-06-07 19:34:57,911 <ipython-input-22-94140700dc1e>:22   DEBUG 30
2018-06-07 19:34:57,915 <ipython-input-22-94140700dc1e>:22   DEBUG 31
2018-06-07 19:34:57,918 <ipython-input-22-94140700dc1e>:22   DEBUG 32
2018-06-07 19:34:57,921 <ipython-input-22-94140700dc1e>:22   DEBUG 33
2018-06-07 19:34:57,925 <ipython-input-22-94140700dc1e>:22   DEBUG 34
2018-06-07 19:34:57,927 <ipython-input-22-94140700dc1e>:22   DEBUG 35
2018-06-07 19:34:57,930 <ipython-input-22-94140700dc1e>:22   DEBUG 36
2018-06-07 19:34:57,934 <ipython-input-22-94140700dc1e>:22   DEBUG 37
2018-06-07 19:34:57,937 <ipython-input-22-94140700dc1e>:22   DEBUG 38
2018-06-07 19:34:57,939 <ipython-input-22-94140700dc1e>:22   DEBUG 39
2018-06-07 19:34:57,942 <ipython-input-22-94140700dc1e>:22   DEBUG 40
2018-06-07 19:34:57,945 <ipython-input-22-94140700dc1e>:22   DEBUG 41
2018-06-07 19:34:57,948 <ipython-input-22-94140700dc1e>:22   DEBUG 42
2018-06-07 19:34:57,959 <ipython-input-22-94140700dc1e>:22   DEBUG 43
2018-06-07 19:34:57,963 <ipython-input-22-94140700dc1e>:22   DEBUG 44
2018-06-07 19:34:57,978 <ipython-input-22-94140700dc1e>:22   DEBUG 45
2018-06-07 19:34:57,981 <ipython-input-22-94140700dc1e>:22   DEBUG 46
2018-06-07 19:34:57,985 <ipython-input-22-94140700dc1e>:22   DEBUG 47
2018-06-07 19:34:58,008 <ipython-input-22-94140700dc1e>:22   DEBUG 48
2018-06-07 19:34:58,022 <ipython-input-22-94140700dc1e>:22   DEBUG 49
2018-06-07 19:34:58,026 <ipython-input-22-94140700dc1e>:22   DEBUG 50
2018-06-07 19:34:58,030 <ipython-input-22-94140700dc1e>:24   WARNING The value of i is 50.
2018-06-07 19:34:58,030 <ipython-input-22-94140700dc1e>:24  WARNING The value of i is 50.
2018-06-07 19:34:58,034 <ipython-input-22-94140700dc1e>:28   ERROR Tried to divide by zero. Var i was 50. Recovered gracefully.
2018-06-07 19:34:58,034 <ipython-input-22-94140700dc1e>:28  ERROR Tried to divide by zero. Var i was 50. Recovered gracefully.
2018-06-07 19:34:58,037 <ipython-input-22-94140700dc1e>:22   DEBUG 51
2018-06-07 19:34:58,041 <ipython-input-22-94140700dc1e>:22   DEBUG 52
2018-06-07 19:34:58,044 <ipython-input-22-94140700dc1e>:22   DEBUG 53
2018-06-07 19:34:58,047 <ipython-input-22-94140700dc1e>:22   DEBUG 54
2018-06-07 19:34:58,051 <ipython-input-22-94140700dc1e>:22   DEBUG 55
2018-06-07 19:34:58,054 <ipython-input-22-94140700dc1e>:22   DEBUG 56
2018-06-07 19:34:58,057 <ipython-input-22-94140700dc1e>:22   DEBUG 57
2018-06-07 19:34:58,060 <ipython-input-22-94140700dc1e>:22   DEBUG 58
2018-06-07 19:34:58,063 <ipython-input-22-94140700dc1e>:22   DEBUG 59
2018-06-07 19:34:58,067 <ipython-input-22-94140700dc1e>:22   DEBUG 60
2018-06-07 19:34:58,070 <ipython-input-22-94140700dc1e>:22   DEBUG 61
2018-06-07 19:34:58,074 <ipython-input-22-94140700dc1e>:22   DEBUG 62
2018-06-07 19:34:58,077 <ipython-input-22-94140700dc1e>:22   DEBUG 63
2018-06-07 19:34:58,080 <ipython-input-22-94140700dc1e>:22   DEBUG 64
2018-06-07 19:34:58,093 <ipython-input-22-94140700dc1e>:22   DEBUG 65
2018-06-07 19:34:58,108 <ipython-input-22-94140700dc1e>:22   DEBUG 66
2018-06-07 19:34:58,111 <ipython-input-22-94140700dc1e>:22   DEBUG 67
2018-06-07 19:34:58,114 <ipython-input-22-94140700dc1e>:22   DEBUG 68
2018-06-07 19:34:58,118 <ipython-input-22-94140700dc1e>:22   DEBUG 69
2018-06-07 19:34:58,121 <ipython-input-22-94140700dc1e>:22   DEBUG 70
2018-06-07 19:34:58,124 <ipython-input-22-94140700dc1e>:22   DEBUG 71
2018-06-07 19:34:58,128 <ipython-input-22-94140700dc1e>:22   DEBUG 72
2018-06-07 19:34:58,131 <ipython-input-22-94140700dc1e>:22   DEBUG 73
2018-06-07 19:34:58,135 <ipython-input-22-94140700dc1e>:22   DEBUG 74
2018-06-07 19:34:58,141 <ipython-input-22-94140700dc1e>:22   DEBUG 75
2018-06-07 19:34:58,178 <ipython-input-22-94140700dc1e>:22   DEBUG 76
2018-06-07 19:34:58,181 <ipython-input-22-94140700dc1e>:22   DEBUG 77
2018-06-07 19:34:58,185 <ipython-input-22-94140700dc1e>:22   DEBUG 78
2018-06-07 19:34:58,191 <ipython-input-22-94140700dc1e>:22   DEBUG 79
2018-06-07 19:34:58,200 <ipython-input-22-94140700dc1e>:22   DEBUG 80
2018-06-07 19:34:58,203 <ipython-input-22-94140700dc1e>:22   DEBUG 81
2018-06-07 19:34:58,240 <ipython-input-22-94140700dc1e>:22   DEBUG 82
2018-06-07 19:34:58,248 <ipython-input-22-94140700dc1e>:22   DEBUG 83
2018-06-07 19:34:58,252 <ipython-input-22-94140700dc1e>:22   DEBUG 84
2018-06-07 19:34:58,257 <ipython-input-22-94140700dc1e>:22   DEBUG 85
2018-06-07 19:34:58,263 <ipython-input-22-94140700dc1e>:22   DEBUG 86
2018-06-07 19:34:58,266 <ipython-input-22-94140700dc1e>:22   DEBUG 87
2018-06-07 19:34:58,270 <ipython-input-22-94140700dc1e>:22   DEBUG 88
2018-06-07 19:34:58,282 <ipython-input-22-94140700dc1e>:22   DEBUG 89
2018-06-07 19:34:58,295 <ipython-input-22-94140700dc1e>:22   DEBUG 90
2018-06-07 19:34:58,299 <ipython-input-22-94140700dc1e>:22   DEBUG 91
2018-06-07 19:34:58,302 <ipython-input-22-94140700dc1e>:22   DEBUG 92
2018-06-07 19:34:58,305 <ipython-input-22-94140700dc1e>:22   DEBUG 93
2018-06-07 19:34:58,308 <ipython-input-22-94140700dc1e>:22   DEBUG 94
2018-06-07 19:34:58,311 <ipython-input-22-94140700dc1e>:22   DEBUG 95
2018-06-07 19:34:58,314 <ipython-input-22-94140700dc1e>:22   DEBUG 96
2018-06-07 19:34:58,318 <ipython-input-22-94140700dc1e>:22   DEBUG 97
2018-06-07 19:34:58,321 <ipython-input-22-94140700dc1e>:22   DEBUG 98
2018-06-07 19:34:58,324 <ipython-input-22-94140700dc1e>:22   DEBUG 99
2018-06-07 19:46:14,997 <ipython-input-23-94140700dc1e>:22   DEBUG 0
2018-06-07 19:46:15,005 <ipython-input-23-94140700dc1e>:22   DEBUG 1
2018-06-07 19:46:15,011 <ipython-input-23-94140700dc1e>:22   DEBUG 2
2018-06-07 19:46:15,017 <ipython-input-23-94140700dc1e>:22   DEBUG 3
2018-06-07 19:46:15,025 <ipython-input-23-94140700dc1e>:22   DEBUG 4
2018-06-07 19:46:15,028 <ipython-input-23-94140700dc1e>:22   DEBUG 5
2018-06-07 19:46:15,031 <ipython-input-23-94140700dc1e>:22   DEBUG 6
2018-06-07 19:46:15,033 <ipython-input-23-94140700dc1e>:22   DEBUG 7
2018-06-07 19:46:15,037 <ipython-input-23-94140700dc1e>:22   DEBUG 8
2018-06-07 19:46:15,039 <ipython-input-23-94140700dc1e>:22   DEBUG 9
2018-06-07 19:46:15,043 <ipython-input-23-94140700dc1e>:22   DEBUG 10
2018-06-07 19:46:15,045 <ipython-input-23-94140700dc1e>:22   DEBUG 11
2018-06-07 19:46:15,051 <ipython-input-23-94140700dc1e>:22   DEBUG 12
2018-06-07 19:46:15,053 <ipython-input-23-94140700dc1e>:22   DEBUG 13
2018-06-07 19:46:15,056 <ipython-input-23-94140700dc1e>:22   DEBUG 14
2018-06-07 19:46:15,058 <ipython-input-23-94140700dc1e>:22   DEBUG 15
2018-06-07 19:46:15,061 <ipython-input-23-94140700dc1e>:22   DEBUG 16
2018-06-07 19:46:15,063 <ipython-input-23-94140700dc1e>:22   DEBUG 17
2018-06-07 19:46:15,066 <ipython-input-23-94140700dc1e>:22   DEBUG 18
2018-06-07 19:46:15,068 <ipython-input-23-94140700dc1e>:22   DEBUG 19
2018-06-07 19:46:15,071 <ipython-input-23-94140700dc1e>:22   DEBUG 20
2018-06-07 19:46:15,073 <ipython-input-23-94140700dc1e>:22   DEBUG 21
2018-06-07 19:46:15,076 <ipython-input-23-94140700dc1e>:22   DEBUG 22
2018-06-07 19:46:15,078 <ipython-input-23-94140700dc1e>:22   DEBUG 23
2018-06-07 19:46:15,084 <ipython-input-23-94140700dc1e>:22   DEBUG 24
2018-06-07 19:46:15,096 <ipython-input-23-94140700dc1e>:22   DEBUG 25
2018-06-07 19:46:15,100 <ipython-input-23-94140700dc1e>:22   DEBUG 26
2018-06-07 19:46:15,102 <ipython-input-23-94140700dc1e>:22   DEBUG 27
2018-06-07 19:46:15,109 <ipython-input-23-94140700dc1e>:22   DEBUG 28
2018-06-07 19:46:15,112 <ipython-input-23-94140700dc1e>:22   DEBUG 29
2018-06-07 19:46:15,116 <ipython-input-23-94140700dc1e>:22   DEBUG 30
2018-06-07 19:46:15,118 <ipython-input-23-94140700dc1e>:22   DEBUG 31
2018-06-07 19:46:15,121 <ipython-input-23-94140700dc1e>:22   DEBUG 32
2018-06-07 19:46:15,124 <ipython-input-23-94140700dc1e>:22   DEBUG 33
2018-06-07 19:46:15,126 <ipython-input-23-94140700dc1e>:22   DEBUG 34
2018-06-07 19:46:15,129 <ipython-input-23-94140700dc1e>:22   DEBUG 35
2018-06-07 19:46:15,132 <ipython-input-23-94140700dc1e>:22   DEBUG 36
2018-06-07 19:46:15,134 <ipython-input-23-94140700dc1e>:22   DEBUG 37
2018-06-07 19:46:15,137 <ipython-input-23-94140700dc1e>:22   DEBUG 38
2018-06-07 19:46:15,139 <ipython-input-23-94140700dc1e>:22   DEBUG 39
2018-06-07 19:46:15,164 <ipython-input-23-94140700dc1e>:22   DEBUG 40
2018-06-07 19:46:15,208 <ipython-input-23-94140700dc1e>:22   DEBUG 41
2018-06-07 19:46:15,224 <ipython-input-23-94140700dc1e>:22   DEBUG 42
2018-06-07 19:46:15,231 <ipython-input-23-94140700dc1e>:22   DEBUG 43
2018-06-07 19:46:15,259 <ipython-input-23-94140700dc1e>:22   DEBUG 44
2018-06-07 19:46:15,278 <ipython-input-23-94140700dc1e>:22   DEBUG 45
2018-06-07 19:46:15,306 <ipython-input-23-94140700dc1e>:22   DEBUG 46
2018-06-07 19:46:15,312 <ipython-input-23-94140700dc1e>:22   DEBUG 47
2018-06-07 19:46:15,340 <ipython-input-23-94140700dc1e>:22   DEBUG 48
2018-06-07 19:46:15,345 <ipython-input-23-94140700dc1e>:22   DEBUG 49
2018-06-07 19:46:15,391 <ipython-input-23-94140700dc1e>:22   DEBUG 50
2018-06-07 19:46:15,398 <ipython-input-23-94140700dc1e>:24   WARNING The value of i is 50.
2018-06-07 19:46:15,398 <ipython-input-23-94140700dc1e>:24  WARNING The value of i is 50.
2018-06-07 19:46:15,398 <ipython-input-23-94140700dc1e>:24  WARNING The value of i is 50.
2018-06-07 19:46:15,406 <ipython-input-23-94140700dc1e>:28   ERROR Tried to divide by zero. Var i was 50. Recovered gracefully.
2018-06-07 19:46:15,406 <ipython-input-23-94140700dc1e>:28  ERROR Tried to divide by zero. Var i was 50. Recovered gracefully.
2018-06-07 19:46:15,406 <ipython-input-23-94140700dc1e>:28  ERROR Tried to divide by zero. Var i was 50. Recovered gracefully.
2018-06-07 19:46:15,409 <ipython-input-23-94140700dc1e>:22   DEBUG 51
2018-06-07 19:46:15,417 <ipython-input-23-94140700dc1e>:22   DEBUG 52
2018-06-07 19:46:15,422 <ipython-input-23-94140700dc1e>:22   DEBUG 53
2018-06-07 19:46:15,426 <ipython-input-23-94140700dc1e>:22   DEBUG 54
2018-06-07 19:46:15,432 <ipython-input-23-94140700dc1e>:22   DEBUG 55
2018-06-07 19:46:15,437 <ipython-input-23-94140700dc1e>:22   DEBUG 56
2018-06-07 19:46:15,441 <ipython-input-23-94140700dc1e>:22   DEBUG 57
2018-06-07 19:46:15,446 <ipython-input-23-94140700dc1e>:22   DEBUG 58
2018-06-07 19:46:15,451 <ipython-input-23-94140700dc1e>:22   DEBUG 59
2018-06-07 19:46:15,455 <ipython-input-23-94140700dc1e>:22   DEBUG 60
2018-06-07 19:46:15,459 <ipython-input-23-94140700dc1e>:22   DEBUG 61
2018-06-07 19:46:15,464 <ipython-input-23-94140700dc1e>:22   DEBUG 62
2018-06-07 19:46:15,468 <ipython-input-23-94140700dc1e>:22   DEBUG 63
2018-06-07 19:46:15,474 <ipython-input-23-94140700dc1e>:22   DEBUG 64
2018-06-07 19:46:15,479 <ipython-input-23-94140700dc1e>:22   DEBUG 65
2018-06-07 19:46:15,483 <ipython-input-23-94140700dc1e>:22   DEBUG 66
2018-06-07 19:46:15,488 <ipython-input-23-94140700dc1e>:22   DEBUG 67
2018-06-07 19:46:15,492 <ipython-input-23-94140700dc1e>:22   DEBUG 68
2018-06-07 19:46:15,497 <ipython-input-23-94140700dc1e>:22   DEBUG 69
2018-06-07 19:46:15,502 <ipython-input-23-94140700dc1e>:22   DEBUG 70
2018-06-07 19:46:15,505 <ipython-input-23-94140700dc1e>:22   DEBUG 71
2018-06-07 19:46:15,544 <ipython-input-23-94140700dc1e>:22   DEBUG 72
2018-06-07 19:46:15,550 <ipython-input-23-94140700dc1e>:22   DEBUG 73
2018-06-07 19:46:15,555 <ipython-input-23-94140700dc1e>:22   DEBUG 74
2018-06-07 19:46:15,572 <ipython-input-23-94140700dc1e>:22   DEBUG 75
2018-06-07 19:46:15,577 <ipython-input-23-94140700dc1e>:22   DEBUG 76
2018-06-07 19:46:15,584 <ipython-input-23-94140700dc1e>:22   DEBUG 77
2018-06-07 19:46:15,589 <ipython-input-23-94140700dc1e>:22   DEBUG 78
2018-06-07 19:46:15,594 <ipython-input-23-94140700dc1e>:22   DEBUG 79
2018-06-07 19:46:15,600 <ipython-input-23-94140700dc1e>:22   DEBUG 80
2018-06-07 19:46:15,605 <ipython-input-23-94140700dc1e>:22   DEBUG 81
2018-06-07 19:46:15,610 <ipython-input-23-94140700dc1e>:22   DEBUG 82
2018-06-07 19:46:15,615 <ipython-input-23-94140700dc1e>:22   DEBUG 83
2018-06-07 19:46:15,621 <ipython-input-23-94140700dc1e>:22   DEBUG 84
2018-06-07 19:46:15,625 <ipython-input-23-94140700dc1e>:22   DEBUG 85
2018-06-07 19:46:15,630 <ipython-input-23-94140700dc1e>:22   DEBUG 86
2018-06-07 19:46:15,635 <ipython-input-23-94140700dc1e>:22   DEBUG 87
2018-06-07 19:46:15,654 <ipython-input-23-94140700dc1e>:22   DEBUG 88
2018-06-07 19:46:15,659 <ipython-input-23-94140700dc1e>:22   DEBUG 89
2018-06-07 19:46:15,664 <ipython-input-23-94140700dc1e>:22   DEBUG 90
2018-06-07 19:46:15,670 <ipython-input-23-94140700dc1e>:22   DEBUG 91
2018-06-07 19:46:15,674 <ipython-input-23-94140700dc1e>:22   DEBUG 92
2018-06-07 19:46:15,679 <ipython-input-23-94140700dc1e>:22   DEBUG 93
2018-06-07 19:46:15,684 <ipython-input-23-94140700dc1e>:22   DEBUG 94
2018-06-07 19:46:15,689 <ipython-input-23-94140700dc1e>:22   DEBUG 95
2018-06-07 19:46:15,694 <ipython-input-23-94140700dc1e>:22   DEBUG 96
2018-06-07 19:46:15,699 <ipython-input-23-94140700dc1e>:22   DEBUG 97
2018-06-07 19:46:15,704 <ipython-input-23-94140700dc1e>:22   DEBUG 98
2018-06-07 19:46:15,709 <ipython-input-23-94140700dc1e>:22   DEBUG 99
